Arguments: 
  /usr/bin/node /usr/share/yarn/bin/yarn.js install

PATH: 
  /home/brennanb414/.vscode-server/bin/78a4c91400152c0f27ba4d363eb56d2835f9903a/bin:/usr/local/sbin:/usr/local/bin:/usr/sbin:/usr/bin:/sbin:/bin:/usr/games:/usr/local/games:/mnt/c/Program Files (x86)/Common Files/Oracle/Java/javapath_target_71028656:/mnt/c/Program Files (x86)/Microsoft SDKs/Azure/CLI2/wbin:/mnt/c/Program Files (x86)/Intel/Intel(R) Management Engine Components/iCLS:/mnt/c/Program Files/Intel/Intel(R) Management Engine Components/iCLS:/mnt/c/Windows/System32:/mnt/c/Windows:/mnt/c/Windows/System32/wbem:/mnt/c/Windows/System32/WindowsPowerShell/v1.0:/mnt/c/Program Files (x86)/Intel/Intel(R) Management Engine Components/DAL:/mnt/c/Program Files/Intel/Intel(R) Management Engine Components/DAL:/mnt/c/Program Files (x86)/Intel/Intel(R) Management Engine Components/IPT:/mnt/c/Program Files/Intel/Intel(R) Management Engine Components/IPT:/mnt/c/Program Files/Intel/WiFi/bin:/mnt/c/Program Files/Common Files/Intel/WirelessCommon:/mnt/c/Program Files/PuTTY:/mnt/c/Program Files/Microsoft VS Code/bin:/mnt/c/Windows/System32:/mnt/c/Windows:/mnt/c/Windows/System32/wbem:/mnt/c/Windows/System32/WindowsPowerShell/v1.0:/mnt/c/Windows/System32/OpenSSH:/mnt/c/Program Files/dotnet:/mnt/c/Program Files/Git/cmd:/mnt/c/Program Files/nodejs:/mnt/c/Users/Brennan/AppData/Local/Programs/Python/Python37-32/Scripts:/mnt/c/Users/Brennan/AppData/Local/Programs/Python/Python37-32:/mnt/c/Users/Brennan/AppData/Local/Microsoft/WindowsApps:/mnt/c/Program Files (x86)/Nmap:/mnt/c/Users/Brennan/AppData/Roaming/npm:/mnt/c/adb

Yarn version: 
  1.22.4

Node version: 
  10.15.2

Platform: 
  linux x64

Trace: 
  Error: ENOENT: no such file or directory, lstat '/home/brennanb414/.cache/yarn/v6/npm-eslint-scope-4.0.3-ca03833310f6889a3264781aa82e63eb9cfe7848-integrity/node_modules/eslint-scope/lib/index.js'

npm manifest: 
  {
    "name": "json_resume_frontend",
    "version": "0.1.0",
    "private": true,
    "dependencies": {
      "cra-template": "1.0.2",
      "react": "^16.13.0",
      "react-dom": "^16.13.0",
      "react-router": "^5.1.2",
      "react-router-dom": "^5.1.2",
      "rmw-react-scripts": "4.0.8",
      "styled-components": "^5.0.1"
    },
    "scripts": {
      "check": "npm-check -s -u",
      "analyze": "source-map-explorer build/static/js/main.*",
      "start": "PORT=8080 react-scripts start",
      "standard": "standard src/**/*.js",
      "build": "react-scripts build",
      "test": "react-scripts test",
      "eject": "react-scripts eject"
    },
    "eslintConfig": {
      "extends": "react-app"
    },
    "proxy": "http://localhost:3000",
    "browserslist": {
      "production": [
        ">0.2%",
        "not dead",
        "not op_mini all"
      ],
      "development": [
        "last 1 chrome version",
        "last 1 firefox version",
        "last 1 safari version"
      ]
    },
    "main": "index.js",
    "repository": "https://github.com/Brennanb414/json_resume/",
    "author": "Brennan Brown",
    "license": "MIT"
  }

yarn manifest: 
  No manifest

Lockfile: 
  No lockfile
